#
# A fatal error has been detected by the Java Runtime Environment:
#
#  SIGSEGV (0xb) at pc=0x000000011bbb1b1b, pid=63443, tid=76039
#
# JRE version: Java(TM) SE Runtime Environment (11.0.1+13) (build 11.0.1+13-LTS)
# Java VM: Java HotSpot(TM) 64-Bit Server VM (11.0.1+13-LTS, mixed mode, tiered, compressed oops, g1 gc, bsd-amd64)
# Problematic frame:
# C  [libawt_lwawt.dylib+0x1bb1b]  OGLSD_SetScratchSurface+0x1f
#
# No core dump will be written. Core dumps have been disabled. To enable core dumping, try "ulimit -c unlimited" before starting Java again
#
# If you would like to submit a bug report, please visit:
#   http://bugreport.java.com/bugreport/crash.jsp
# The crash happened outside the Java Virtual Machine in native code.
# See problematic frame for where to report the bug.
#

---------------  S U M M A R Y ------------

Command Line: -javaagent:/Applications/IntelliJ IDEA CE.app/Contents/lib/idea_rt.jar=57041:/Applications/IntelliJ IDEA CE.app/Contents/bin -Dfile.encoding=UTF-8 Main

Host: MacBookPro12,1 x86_64 2700 MHz, 4 cores, 8G, Darwin 19.6.0
Time: Thu Jan 21 11:51:24 2021 CET elapsed time: 15600 seconds (0d 4h 20m 0s)

---------------  T H R E A D  ---------------

Current thread (0x00007f9a8d317800):  JavaThread "Java2D Queue Flusher" daemon [_thread_in_native, id=76039, stack(0x0000700005ecb000,0x0000700005fcb000)]

Stack: [0x0000700005ecb000,0x0000700005fcb000],  sp=0x0000700005fca9b0,  free space=1022k
Native frames: (J=compiled Java code, A=aot compiled Java code, j=interpreted, Vv=VM code, C=native code)
C  [libawt_lwawt.dylib+0x1bb1b]  OGLSD_SetScratchSurface+0x1f
C  [libawt_lwawt.dylib+0x3ffee]  Java_sun_java2d_opengl_OGLRenderQueue_flushBuffer+0x94a
J 2307  sun.java2d.opengl.OGLRenderQueue.flushBuffer(JI)V java.desktop@11.0.1 (0 bytes) @ 0x0000000123979afd [0x0000000123979a40+0x00000000000000bd]
J 2473% c2 sun.java2d.opengl.OGLRenderQueue$QueueFlusher.run()V java.desktop@11.0.1 (234 bytes) @ 0x00000001239c2164 [0x00000001239c1cc0+0x00000000000004a4]
j  java.lang.Thread.run()V+11 java.base@11.0.1
v  ~StubRoutines::call_stub
V  [libjvm.dylib+0x3a7512]  JavaCalls::call_helper(JavaValue*, methodHandle const&, JavaCallArguments*, Thread*)+0x21a
V  [libjvm.dylib+0x3a695c]  JavaCalls::call_virtual(JavaValue*, Klass*, Symbol*, Symbol*, JavaCallArguments*, Thread*)+0xee
V  [libjvm.dylib+0x3a6a18]  JavaCalls::call_virtual(JavaValue*, Handle, Klass*, Symbol*, Symbol*, Thread*)+0x62
V  [libjvm.dylib+0x42a620]  thread_entry(JavaThread*, Thread*)+0x78
V  [libjvm.dylib+0x700342]  JavaThread::thread_main_inner()+0x82
V  [libjvm.dylib+0x70018d]  JavaThread::run()+0x1ab
V  [libjvm.dylib+0x600ad3]  thread_native_entry(Thread*)+0x135
C  [libsystem_pthread.dylib+0x6109]  _pthread_start+0x94
C  [libsystem_pthread.dylib+0x1b8b]  thread_start+0xf

Java frames: (J=compiled Java code, j=interpreted, Vv=VM code)
J 2307  sun.java2d.opengl.OGLRenderQueue.flushBuffer(JI)V java.desktop@11.0.1 (0 bytes) @ 0x0000000123979a88 [0x0000000123979a40+0x0000000000000048]
J 2473% c2 sun.java2d.opengl.OGLRenderQueue$QueueFlusher.run()V java.desktop@11.0.1 (234 bytes) @ 0x00000001239c2164 [0x00000001239c1cc0+0x00000000000004a4]
j  java.lang.Thread.run()V+11 java.base@11.0.1
v  ~StubRoutines::call_stub

siginfo: si_signo: 11 (SIGSEGV), si_code: 1 (SEGV_MAPERR), si_addr: 0x0000000000000002

Register to memory mapping:

RAX=0x000000011bbd6520: OGLRenderQueue_CheckPreviousOp+0xf4 in /Library/Java/JavaVirtualMachines/jdk-11.0.1.jdk/Contents/Home/lib/libawt_lwawt.dylib at 0x000000011bb96000
RBX=0x00007f9a9048d0a0 points into unknown readable memory
RCX=0x000000011bbd653c: OGLRenderQueue_CheckPreviousOp+0x110 in /Library/Java/JavaVirtualMachines/jdk-11.0.1.jdk/Contents/Home/lib/libawt_lwawt.dylib at 0x000000011bb96000
RDX=0x0 is NULL
RSP=0x0000700005fca9b0 is pointing into the stack for thread: 0x00007f9a8d317800
RBP=0x0000700005fca9e0 is pointing into the stack for thread: 0x00007f9a8d317800
RSI=0x00007f9a9048d0a0 points into unknown readable memory
RDI=0x00007f9a8d317b40 points into unknown readable memory
R8 =0x0 is NULL
R9 =0x63fe7e083ffff3f8 is an unknown value
R10=0x0 is NULL
R11=0x0 is NULL
R12=0x00007f9a8d323678 points into unknown readable memory
R13=0x0000000000000002 is an unknown value
R14=0x000000011bbd625c: Java_sun_java2d_opengl_OGLRenderQueue_flushBuffer+0xbb8 in /Library/Java/JavaVirtualMachines/jdk-11.0.1.jdk/Contents/Home/lib/libawt_lwawt.dylib at 0x000000011bb96000
R15=0x00007f9a8d317b40 points into unknown readable memory


Registers:
RAX=0x000000011bbd6520, RBX=0x00007f9a9048d0a0, RCX=0x000000011bbd653c, RDX=0x0000000000000000
RSP=0x0000700005fca9b0, RBP=0x0000700005fca9e0, RSI=0x00007f9a9048d0a0, RDI=0x00007f9a8d317b40
R8 =0x0000000000000000, R9 =0x63fe7e083ffff3f8, R10=0x0000000000000000, R11=0x0000000000000000
R12=0x00007f9a8d323678, R13=0x0000000000000002, R14=0x000000011bbd625c, R15=0x00007f9a8d317b40
RIP=0x000000011bbb1b1b, EFLAGS=0x0000000000010202, ERR=0x0000000000000004
  TRAPNO=0x000000000000000e

Top of Stack: (sp=0x0000700005fca9b0)
0x0000700005fca9b0:   000000011bbd6520 00007f9a9048d0a0
0x0000700005fca9c0:   00007f9a8d323678 00007f9a8d323688
0x0000700005fca9d0:   000000011bbd625c 00007f9a8d317b40
0x0000700005fca9e0:   0000700005fcaa40 000000011bbd5fee
0x0000700005fca9f0:   0000700000000005 00007f9a8d317800
0x0000700005fcaa00:   0000700005fcab01 000000008c5068f0
0x0000700005fcaa10:   00007f9a8d317b40 0000000000000000
0x0000700005fcaa20:   0000000000000000 00000007801bb398
0x0000700005fcaa30:   0000700005fcaa98 00007f9a8d317800
0x0000700005fcaa40:   0000700005fcaa90 0000000123979afd
0x0000700005fcaa50:   00000007802e1018 000000011c7870ec
0x0000700005fcaa60:   0000000000000000 00000007800c0cf0
0x0000700005fcaa70:   0000000134a00978 0000000000000000
0x0000700005fcaa80:   0000700005fcaaa0 00000000f0bb5457
0x0000700005fcaa90:   00000000f005c203 00000001239c2164
0x0000700005fcaaa0:   00000007802e1018 0000000700000000
0x0000700005fcaab0:   00000007801bb398 00000007801bb398
0x0000700005fcaac0:   0000700005fcaaf0 0000700005fcab48
0x0000700005fcaad0:   0000000000000001 0000000000000000
0x0000700005fcaae0:   0000700005fcab48 000000011bd86cec
0x0000700005fcaaf0:   00000007801bb398 00000007801bb398
0x0000700005fcab00:   0000700005fcab00 000000012edb747b
0x0000700005fcab10:   0000700005fcab58 000000012ee8e378
0x0000700005fcab20:   0000000000000000 00000007801a9c50
0x0000700005fcab30:   000000012edb7498 0000700005fcaaf8
0x0000700005fcab40:   0000700005fcab58 0000700005fcabc0
0x0000700005fcab50:   000000011bd7d849 00000007801bb220
0x0000700005fcab60:   0000700000001fa0 0000700005fcad98
0x0000700005fcab70:   0000700005fcae70 000000012edb7498
0x0000700005fcab80:   00007f9a8d317800 0000000000000001
0x0000700005fcab90:   0000700005fcac20 0000700005fcae78
0x0000700005fcaba0:   000070000000000a 000000012edb7498 

Instructions: (pc=0x000000011bbb1b1b)
0x000000011bbb1afb:   c3 55 48 89 e5 41 57 41 56 41 55 41 54 53 50 49
0x000000011bbb1b0b:   89 ff 48 85 f6 74 57 4c 8b 6e 10 4d 85 ed 74 57
0x000000011bbb1b1b:   49 8b 5d 00 31 c0 e8 2e da 02 00 49 89 c6 48 8b
0x000000011bbb1b2b:   3b 48 8b 35 5d 54 05 00 ff 15 ef 89 04 00 48 85 


---------------  P R O C E S S  ---------------

Threads class SMR info:
_java_thread_list=0x00007f9a90811b60, length=17, elements={
0x00007f9a8d80e800, 0x00007f9a8d832800, 0x00007f9a8d836800, 0x00007f9a8c82a800,
0x00007f9a8c83b800, 0x00007f9a8c844800, 0x00007f9a8c879800, 0x00007f9a8c8b2000,
0x00007f9a8c8b9800, 0x00007f9a8d205000, 0x00007f9a8d8a8800, 0x00007f9a8e0ee800,
0x00007f9a8d24c000, 0x00007f9a8d317800, 0x00007f9a8da6f000, 0x00007f9a8d347800,
0x00007f9a8c8a6800
}

Java Threads: ( => current thread )
  0x00007f9a8d80e800 JavaThread "Reference Handler" daemon [_thread_blocked, id=18947, stack(0x0000700004e8f000,0x0000700004f8f000)]
  0x00007f9a8d832800 JavaThread "Finalizer" daemon [_thread_blocked, id=13059, stack(0x0000700004f92000,0x0000700005092000)]
  0x00007f9a8d836800 JavaThread "Signal Dispatcher" daemon [_thread_blocked, id=17155, stack(0x000070000519b000,0x000070000529b000)]
  0x00007f9a8c82a800 JavaThread "C2 CompilerThread0" daemon [_thread_blocked, id=15619, stack(0x000070000529e000,0x000070000539e000)]
  0x00007f9a8c83b800 JavaThread "C1 CompilerThread0" daemon [_thread_blocked, id=16131, stack(0x00007000053a1000,0x00007000054a1000)]
  0x00007f9a8c844800 JavaThread "Sweeper thread" daemon [_thread_blocked, id=22019, stack(0x00007000054a4000,0x00007000055a4000)]
  0x00007f9a8c879800 JavaThread "Common-Cleaner" daemon [_thread_blocked, id=22275, stack(0x00007000055a7000,0x00007000056a7000)]
  0x00007f9a8c8b2000 JavaThread "Monitor Ctrl-Break" daemon [_thread_in_native, id=41987, stack(0x00007000056aa000,0x00007000057aa000)]
  0x00007f9a8c8b9800 JavaThread "Service Thread" daemon [_thread_blocked, id=22787, stack(0x00007000057ad000,0x00007000058ad000)]
  0x00007f9a8d205000 JavaThread "AppKit Thread" daemon [_thread_in_native, id=775, stack(0x00007ffee0139000,0x00007ffee0939000)]
  0x00007f9a8d8a8800 JavaThread "AWT-Shutdown" [_thread_blocked, id=34315, stack(0x00007000059b3000,0x0000700005ab3000)]
  0x00007f9a8e0ee800 JavaThread "AWT-EventQueue-0" [_thread_blocked, id=52995, stack(0x0000700005dc8000,0x0000700005ec8000)]
  0x00007f9a8d24c000 JavaThread "DestroyJavaVM" [_thread_blocked, id=9987, stack(0x000070000477a000,0x000070000487a000)]
=>0x00007f9a8d317800 JavaThread "Java2D Queue Flusher" daemon [_thread_in_native, id=76039, stack(0x0000700005ecb000,0x0000700005fcb000)]
  0x00007f9a8da6f000 JavaThread "Attach Listener" daemon [_thread_blocked, id=55299, stack(0x0000700005fce000,0x00007000060ce000)]
  0x00007f9a8d347800 JavaThread "Java2D Disposer" daemon [_thread_blocked, id=55815, stack(0x00007000060d1000,0x00007000061d1000)]
  0x00007f9a8c8a6800 JavaThread "C2 CompilerThread1" daemon [_thread_blocked, id=68455, stack(0x0000700005c3c000,0x0000700005d3c000)]

Other Threads:
  0x00007f9a8c829800 VMThread "VM Thread" [stack: 0x0000700004d8c000,0x0000700004e8c000] [id=19459]
  0x00007f9a8d914800 WatcherThread [stack: 0x00007000058b0000,0x00007000059b0000] [id=41475]
  0x00007f9a8d80e000 GCTaskThread "GC Thread#0" [stack: 0x000070000487d000,0x000070000497d000] [id=21251]
  0x00007f9a8c9b2000 GCTaskThread "GC Thread#1" [stack: 0x0000700005ab6000,0x0000700005bb6000] [id=85315]
  0x00007f9a8cc29800 GCTaskThread "GC Thread#2" [stack: 0x00007000061d4000,0x00007000062d4000] [id=33887]
  0x00007f9a8cc2a800 GCTaskThread "GC Thread#3" [stack: 0x00007000062d7000,0x00007000063d7000] [id=15111]
  0x00007f9a8d02d800 ConcurrentGCThread "G1 Main Marker" [stack: 0x0000700004980000,0x0000700004a80000] [id=11523]
  0x00007f9a8c813800 ConcurrentGCThread "G1 Conc#0" [stack: 0x0000700004a83000,0x0000700004b83000] [id=20483]
  0x00007f9a8d07e800 ConcurrentGCThread "G1 Refine#0" [stack: 0x0000700004b86000,0x0000700004c86000] [id=12291]
  0x00007f9a8d459000 ConcurrentGCThread "G1 Refine#1" [stack: 0x00007000063da000,0x00007000064da000] [id=17939]
  0x00007f9a8e23a000 ConcurrentGCThread "G1 Refine#2" [stack: 0x00007000064dd000,0x00007000065dd000] [id=70191]
  0x00007f9a8d07f000 ConcurrentGCThread "G1 Young RemSet Sampling" [stack: 0x0000700004c89000,0x0000700004d89000] [id=19971]

Threads with active compile tasks:

VM state:not at safepoint (normal execution)

VM Mutex/Monitor currently owned by a thread: None

Heap address: 0x0000000780000000, size: 2048 MB, Compressed Oops mode: Zero based, Oop shift amount: 3
Narrow klass base: 0x0000000800000000, Narrow klass shift: 0
Compressed class space size: 1073741824 Address: 0x0000000800000000

Heap:
 garbage-first heap   total 131072K, used 11668K [0x0000000780000000, 0x0000000800000000)
  region size 1024K, 3 young (3072K), 1 survivors (1024K)
 Metaspace       used 16859K, capacity 17338K, committed 17536K, reserved 1064960K
  class space    used 1696K, capacity 1892K, committed 1920K, reserved 1048576K
Heap Regions: E=young(eden), S=young(survivor), O=old, HS=humongous(starts), HC=humongous(continues), CS=collection set, F=free, A=archive, TAMS=top-at-mark-start (previous, next)
|   0|0x0000000780000000, 0x0000000780100000, 0x0000000780100000|100%| O|  |TAMS 0x0000000780000000, 0x0000000780000000| Untracked 
|   1|0x0000000780100000, 0x0000000780200000, 0x0000000780200000|100%| O|  |TAMS 0x0000000780100000, 0x0000000780100000| Untracked 
|   2|0x0000000780200000, 0x0000000780300000, 0x0000000780300000|100%| O|  |TAMS 0x0000000780200000, 0x0000000780200000| Untracked 
|   3|0x0000000780300000, 0x00000007803bac00, 0x0000000780400000| 72%| O|  |TAMS 0x0000000780300000, 0x0000000780300000| Untracked 
|   4|0x0000000780400000, 0x0000000780500000, 0x0000000780500000|100%|HS|  |TAMS 0x0000000780400000, 0x0000000780400000| Complete 
|   5|0x0000000780500000, 0x0000000780600000, 0x0000000780600000|100%|HC|  |TAMS 0x0000000780500000, 0x0000000780500000| Complete 
|   6|0x0000000780600000, 0x0000000780700000, 0x0000000780700000|100%|HS|  |TAMS 0x0000000780600000, 0x0000000780600000| Complete 
|   7|0x0000000780700000, 0x0000000780800000, 0x0000000780800000|100%|HC|  |TAMS 0x0000000780700000, 0x0000000780700000| Complete 
|   8|0x0000000780800000, 0x0000000780900000, 0x0000000780900000|100%|HS|  |TAMS 0x0000000780800000, 0x0000000780800000| Complete 
|   9|0x0000000780900000, 0x0000000780a00000, 0x0000000780a00000|100%|HC|  |TAMS 0x0000000780900000, 0x0000000780900000| Complete 
|  10|0x0000000780a00000, 0x0000000780a00000, 0x0000000780b00000|  0%| F|  |TAMS 0x0000000780a00000, 0x0000000780a00000| Untracked 
|  11|0x0000000780b00000, 0x0000000780b00000, 0x0000000780c00000|  0%| F|  |TAMS 0x0000000780b00000, 0x0000000780b00000| Untracked 
|  12|0x0000000780c00000, 0x0000000780c00000, 0x0000000780d00000|  0%| F|  |TAMS 0x0000000780c00000, 0x0000000780c00000| Untracked 
|  13|0x0000000780d00000, 0x0000000780d00000, 0x0000000780e00000|  0%| F|  |TAMS 0x0000000780d00000, 0x0000000780d00000| Untracked 
|  14|0x0000000780e00000, 0x0000000780e00000, 0x0000000780f00000|  0%| F|  |TAMS 0x0000000780e00000, 0x0000000780e00000| Untracked 
|  15|0x0000000780f00000, 0x0000000780f00000, 0x0000000781000000|  0%| F|  |TAMS 0x0000000780f00000, 0x0000000780f00000| Untracked 
|  16|0x0000000781000000, 0x0000000781000000, 0x0000000781100000|  0%| F|  |TAMS 0x0000000781000000, 0x0000000781000000| Untracked 
|  17|0x0000000781100000, 0x0000000781100000, 0x0000000781200000|  0%| F|  |TAMS 0x0000000781100000, 0x0000000781100000| Untracked 
|  18|0x0000000781200000, 0x0000000781200000, 0x0000000781300000|  0%| F|  |TAMS 0x0000000781200000, 0x0000000781200000| Untracked 
|  19|0x0000000781300000, 0x0000000781300000, 0x0000000781400000|  0%| F|  |TAMS 0x0000000781300000, 0x0000000781300000| Untracked 
|  20|0x0000000781400000, 0x0000000781400000, 0x0000000781500000|  0%| F|  |TAMS 0x0000000781400000, 0x0000000781400000| Untracked 
|  21|0x0000000781500000, 0x0000000781500000, 0x0000000781600000|  0%| F|  |TAMS 0x0000000781500000, 0x0000000781500000| Untracked 
|  22|0x0000000781600000, 0x0000000781600000, 0x0000000781700000|  0%| F|  |TAMS 0x0000000781600000, 0x0000000781600000| Untracked 
|  23|0x0000000781700000, 0x0000000781700000, 0x0000000781800000|  0%| F|  |TAMS 0x0000000781700000, 0x0000000781700000| Untracked 
|  24|0x0000000781800000, 0x0000000781800000, 0x0000000781900000|  0%| F|  |TAMS 0x0000000781800000, 0x0000000781800000| Untracked 
|  25|0x0000000781900000, 0x0000000781900000, 0x0000000781a00000|  0%| F|  |TAMS 0x0000000781900000, 0x0000000781900000| Untracked 
|  26|0x0000000781a00000, 0x0000000781a00000, 0x0000000781b00000|  0%| F|  |TAMS 0x0000000781a00000, 0x0000000781a00000| Untracked 
|  27|0x0000000781b00000, 0x0000000781b00000, 0x0000000781c00000|  0%| F|  |TAMS 0x0000000781b00000, 0x0000000781b00000| Untracked 
|  28|0x0000000781c00000, 0x0000000781c00000, 0x0000000781d00000|  0%| F|  |TAMS 0x0000000781c00000, 0x0000000781c00000| Untracked 
|  29|0x0000000781d00000, 0x0000000781d00000, 0x0000000781e00000|  0%| F|  |TAMS 0x0000000781d00000, 0x0000000781d00000| Untracked 
|  30|0x0000000781e00000, 0x0000000781e00000, 0x0000000781f00000|  0%| F|  |TAMS 0x0000000781e00000, 0x0000000781e00000| Untracked 
|  31|0x0000000781f00000, 0x0000000781f00000, 0x0000000782000000|  0%| F|  |TAMS 0x0000000781f00000, 0x0000000781f00000| Untracked 
|  32|0x0000000782000000, 0x0000000782000000, 0x0000000782100000|  0%| F|  |TAMS 0x0000000782000000, 0x0000000782000000| Untracked 
|  33|0x0000000782100000, 0x0000000782100000, 0x0000000782200000|  0%| F|  |TAMS 0x0000000782100000, 0x0000000782100000| Untracked 
|  34|0x0000000782200000, 0x0000000782200000, 0x0000000782300000|  0%| F|  |TAMS 0x0000000782200000, 0x0000000782200000| Untracked 
|  35|0x0000000782300000, 0x0000000782300000, 0x0000000782400000|  0%| F|  |TAMS 0x0000000782300000, 0x0000000782300000| Untracked 
|  36|0x0000000782400000, 0x0000000782400000, 0x0000000782500000|  0%| F|  |TAMS 0x0000000782400000, 0x0000000782400000| Untracked 
|  37|0x0000000782500000, 0x0000000782500000, 0x0000000782600000|  0%| F|  |TAMS 0x0000000782500000, 0x0000000782500000| Untracked 
|  38|0x0000000782600000, 0x0000000782600000, 0x0000000782700000|  0%| F|  |TAMS 0x0000000782600000, 0x0000000782600000| Untracked 
|  39|0x0000000782700000, 0x0000000782700000, 0x0000000782800000|  0%| F|  |TAMS 0x0000000782700000, 0x0000000782700000| Untracked 
|  40|0x0000000782800000, 0x0000000782800000, 0x0000000782900000|  0%| F|  |TAMS 0x0000000782800000, 0x0000000782800000| Untracked 
|  41|0x0000000782900000, 0x0000000782900000, 0x0000000782a00000|  0%| F|  |TAMS 0x0000000782900000, 0x0000000782900000| Untracked 
|  42|0x0000000782a00000, 0x0000000782a00000, 0x0000000782b00000|  0%| F|  |TAMS 0x0000000782a00000, 0x0000000782a00000| Untracked 
|  43|0x0000000782b00000, 0x0000000782b00000, 0x0000000782c00000|  0%| F|  |TAMS 0x0000000782b00000, 0x0000000782b00000| Untracked 
|  44|0x0000000782c00000, 0x0000000782c00000, 0x0000000782d00000|  0%| F|  |TAMS 0x0000000782c00000, 0x0000000782c00000| Untracked 
|  45|0x0000000782d00000, 0x0000000782d00000, 0x0000000782e00000|  0%| F|  |TAMS 0x0000000782d00000, 0x0000000782d00000| Untracked 
|  46|0x0000000782e00000, 0x0000000782e00000, 0x0000000782f00000|  0%| F|  |TAMS 0x0000000782e00000, 0x0000000782e00000| Untracked 
|  47|0x0000000782f00000, 0x0000000782f00000, 0x0000000783000000|  0%| F|  |TAMS 0x0000000782f00000, 0x0000000782f00000| Untracked 
|  48|0x0000000783000000, 0x0000000783000000, 0x0000000783100000|  0%| F|  |TAMS 0x0000000783000000, 0x0000000783000000| Untracked 
|  49|0x0000000783100000, 0x0000000783100000, 0x0000000783200000|  0%| F|  |TAMS 0x0000000783100000, 0x0000000783100000| Untracked 
|  50|0x0000000783200000, 0x0000000783200000, 0x0000000783300000|  0%| F|  |TAMS 0x0000000783200000, 0x0000000783200000| Untracked 
|  51|0x0000000783300000, 0x0000000783300000, 0x0000000783400000|  0%| F|  |TAMS 0x0000000783300000, 0x0000000783300000| Untracked 
|  52|0x0000000783400000, 0x0000000783400000, 0x0000000783500000|  0%| F|  |TAMS 0x0000000783400000, 0x0000000783400000| Untracked 
|  53|0x0000000783500000, 0x0000000783500000, 0x0000000783600000|  0%| F|  |TAMS 0x0000000783500000, 0x0000000783500000| Untracked 
|  54|0x0000000783600000, 0x0000000783600000, 0x0000000783700000|  0%| F|  |TAMS 0x0000000783600000, 0x0000000783600000| Untracked 
|  55|0x0000000783700000, 0x0000000783700000, 0x0000000783800000|  0%| F|  |TAMS 0x0000000783700000, 0x0000000783700000| Untracked 
|  56|0x0000000783800000, 0x0000000783800000, 0x0000000783900000|  0%| F|  |TAMS 0x0000000783800000, 0x0000000783800000| Untracked 
|  57|0x0000000783900000, 0x0000000783900000, 0x0000000783a00000|  0%| F|  |TAMS 0x0000000783900000, 0x0000000783900000| Untracked 
|  58|0x0000000783a00000, 0x0000000783a00000, 0x0000000783b00000|  0%| F|  |TAMS 0x0000000783a00000, 0x0000000783a00000| Untracked 
|  59|0x0000000783b00000, 0x0000000783b00000, 0x0000000783c00000|  0%| F|  |TAMS 0x0000000783b00000, 0x0000000783b00000| Untracked 
|  60|0x0000000783c00000, 0x0000000783c00000, 0x0000000783d00000|  0%| F|  |TAMS 0x0000000783c00000, 0x0000000783c00000| Untracked 
|  61|0x0000000783d00000, 0x0000000783d00000, 0x0000000783e00000|  0%| F|  |TAMS 0x0000000783d00000, 0x0000000783d00000| Untracked 
|  62|0x0000000783e00000, 0x0000000783e00000, 0x0000000783f00000|  0%| F|  |TAMS 0x0000000783e00000, 0x0000000783e00000| Untracked 
|  63|0x0000000783f00000, 0x0000000783f00000, 0x0000000784000000|  0%| F|  |TAMS 0x0000000783f00000, 0x0000000783f00000| Untracked 
|  64|0x0000000784000000, 0x0000000784000000, 0x0000000784100000|  0%| F|  |TAMS 0x0000000784000000, 0x0000000784000000| Untracked 
|  65|0x0000000784100000, 0x0000000784100000, 0x0000000784200000|  0%| F|  |TAMS 0x0000000784100000, 0x0000000784100000| Untracked 
|  66|0x0000000784200000, 0x0000000784200000, 0x0000000784300000|  0%| F|  |TAMS 0x0000000784200000, 0x0000000784200000| Untracked 
|  67|0x0000000784300000, 0x0000000784300000, 0x0000000784400000|  0%| F|  |TAMS 0x0000000784300000, 0x0000000784300000| Untracked 
|  68|0x0000000784400000, 0x0000000784400000, 0x0000000784500000|  0%| F|  |TAMS 0x0000000784400000, 0x0000000784400000| Untracked 
|  69|0x0000000784500000, 0x00000007845aa520, 0x0000000784600000| 66%| S|CS|TAMS 0x0000000784500000, 0x0000000784500000| Complete 
|  70|0x0000000784600000, 0x0000000784600000, 0x0000000784700000|  0%| F|  |TAMS 0x0000000784600000, 0x0000000784600000| Untracked 
|  71|0x0000000784700000, 0x0000000784700000, 0x0000000784800000|  0%| F|  |TAMS 0x0000000784700000, 0x0000000784700000| Untracked 
|  72|0x0000000784800000, 0x0000000784800000, 0x0000000784900000|  0%| F|  |TAMS 0x0000000784800000, 0x0000000784800000| Untracked 
|  73|0x0000000784900000, 0x0000000784900000, 0x0000000784a00000|  0%| F|  |TAMS 0x0000000784900000, 0x0000000784900000| Untracked 
|  74|0x0000000784a00000, 0x0000000784a00000, 0x0000000784b00000|  0%| F|  |TAMS 0x0000000784a00000, 0x0000000784a00000| Untracked 
|  75|0x0000000784b00000, 0x0000000784b00000, 0x0000000784c00000|  0%| F|  |TAMS 0x0000000784b00000, 0x0000000784b00000| Untracked 
|  76|0x0000000784c00000, 0x0000000784c00000, 0x0000000784d00000|  0%| F|  |TAMS 0x0000000784c00000, 0x0000000784c00000| Untracked 
|  77|0x0000000784d00000, 0x0000000784d00000, 0x0000000784e00000|  0%| F|  |TAMS 0x0000000784d00000, 0x0000000784d00000| Untracked 
|  78|0x0000000784e00000, 0x0000000784e00000, 0x0000000784f00000|  0%| F|  |TAMS 0x0000000784e00000, 0x0000000784e00000| Untracked 
|  79|0x0000000784f00000, 0x0000000784f00000, 0x0000000785000000|  0%| F|  |TAMS 0x0000000784f00000, 0x0000000784f00000| Untracked 
|  80|0x0000000785000000, 0x0000000785000000, 0x0000000785100000|  0%| F|  |TAMS 0x0000000785000000, 0x0000000785000000| Untracked 
|  81|0x0000000785100000, 0x0000000785100000, 0x0000000785200000|  0%| F|  |TAMS 0x0000000785100000, 0x0000000785100000| Untracked 
|  82|0x0000000785200000, 0x0000000785200000, 0x0000000785300000|  0%| F|  |TAMS 0x0000000785200000, 0x0000000785200000| Untracked 
|  83|0x0000000785300000, 0x0000000785300000, 0x0000000785400000|  0%| F|  |TAMS 0x0000000785300000, 0x0000000785300000| Untracked 
|  84|0x0000000785400000, 0x0000000785400000, 0x0000000785500000|  0%| F|  |TAMS 0x0000000785400000, 0x0000000785400000| Untracked 
|  85|0x0000000785500000, 0x0000000785500000, 0x0000000785600000|  0%| F|  |TAMS 0x0000000785500000, 0x0000000785500000| Untracked 
|  86|0x0000000785600000, 0x0000000785600000, 0x0000000785700000|  0%| F|  |TAMS 0x0000000785600000, 0x0000000785600000| Untracked 
|  87|0x0000000785700000, 0x0000000785700000, 0x0000000785800000|  0%| F|  |TAMS 0x0000000785700000, 0x0000000785700000| Untracked 
|  88|0x0000000785800000, 0x0000000785800000, 0x0000000785900000|  0%| F|  |TAMS 0x0000000785800000, 0x0000000785800000| Untracked 
|  89|0x0000000785900000, 0x0000000785900000, 0x0000000785a00000|  0%| F|  |TAMS 0x0000000785900000, 0x0000000785900000| Untracked 
|  90|0x0000000785a00000, 0x0000000785a00000, 0x0000000785b00000|  0%| F|  |TAMS 0x0000000785a00000, 0x0000000785a00000| Untracked 
|  91|0x0000000785b00000, 0x0000000785b00000, 0x0000000785c00000|  0%| F|  |TAMS 0x0000000785b00000, 0x0000000785b00000| Untracked 
|  92|0x0000000785c00000, 0x0000000785c00000, 0x0000000785d00000|  0%| F|  |TAMS 0x0000000785c00000, 0x0000000785c00000| Untracked 
|  93|0x0000000785d00000, 0x0000000785d00000, 0x0000000785e00000|  0%| F|  |TAMS 0x0000000785d00000, 0x0000000785d00000| Untracked 
|  94|0x0000000785e00000, 0x0000000785e00000, 0x0000000785f00000|  0%| F|  |TAMS 0x0000000785e00000, 0x0000000785e00000| Untracked 
|  95|0x0000000785f00000, 0x0000000785f00000, 0x0000000786000000|  0%| F|  |TAMS 0x0000000785f00000, 0x0000000785f00000| Untracked 
|  96|0x0000000786000000, 0x0000000786000000, 0x0000000786100000|  0%| F|  |TAMS 0x0000000786000000, 0x0000000786000000| Untracked 
|  97|0x0000000786100000, 0x0000000786100000, 0x0000000786200000|  0%| F|  |TAMS 0x0000000786100000, 0x0000000786100000| Untracked 
|  98|0x0000000786200000, 0x0000000786200000, 0x0000000786300000|  0%| F|  |TAMS 0x0000000786200000, 0x0000000786200000| Untracked 
|  99|0x0000000786300000, 0x0000000786300000, 0x0000000786400000|  0%| F|  |TAMS 0x0000000786300000, 0x0000000786300000| Untracked 
| 100|0x0000000786400000, 0x0000000786400000, 0x0000000786500000|  0%| F|  |TAMS 0x0000000786400000, 0x0000000786400000| Untracked 
| 101|0x0000000786500000, 0x0000000786500000, 0x0000000786600000|  0%| F|  |TAMS 0x0000000786500000, 0x0000000786500000| Untracked 
| 102|0x0000000786600000, 0x0000000786600000, 0x0000000786700000|  0%| F|  |TAMS 0x0000000786600000, 0x0000000786600000| Untracked 
| 103|0x0000000786700000, 0x0000000786700000, 0x0000000786800000|  0%| F|  |TAMS 0x0000000786700000, 0x0000000786700000| Untracked 
| 104|0x0000000786800000, 0x0000000786800000, 0x0000000786900000|  0%| F|  |TAMS 0x0000000786800000, 0x0000000786800000| Untracked 
| 105|0x0000000786900000, 0x0000000786900000, 0x0000000786a00000|  0%| F|  |TAMS 0x0000000786900000, 0x0000000786900000| Untracked 
| 106|0x0000000786a00000, 0x0000000786a00000, 0x0000000786b00000|  0%| F|  |TAMS 0x0000000786a00000, 0x0000000786a00000| Untracked 
| 107|0x0000000786b00000, 0x0000000786b00000, 0x0000000786c00000|  0%| F|  |TAMS 0x0000000786b00000, 0x0000000786b00000| Untracked 
| 108|0x0000000786c00000, 0x0000000786c00000, 0x0000000786d00000|  0%| F|  |TAMS 0x0000000786c00000, 0x0000000786c00000| Untracked 
| 109|0x0000000786d00000, 0x0000000786d00000, 0x0000000786e00000|  0%| F|  |TAMS 0x0000000786d00000, 0x0000000786d00000| Untracked 
| 110|0x0000000786e00000, 0x0000000786e00000, 0x0000000786f00000|  0%| F|  |TAMS 0x0000000786e00000, 0x0000000786e00000| Untracked 
| 111|0x0000000786f00000, 0x0000000786f00000, 0x0000000787000000|  0%| F|  |TAMS 0x0000000786f00000, 0x0000000786f00000| Untracked 
| 112|0x0000000787000000, 0x0000000787000000, 0x0000000787100000|  0%| F|  |TAMS 0x0000000787000000, 0x0000000787000000| Untracked 
| 113|0x0000000787100000, 0x0000000787100000, 0x0000000787200000|  0%| F|  |TAMS 0x0000000787100000, 0x0000000787100000| Untracked 
| 114|0x0000000787200000, 0x0000000787200000, 0x0000000787300000|  0%| F|  |TAMS 0x0000000787200000, 0x0000000787200000| Untracked 
| 115|0x0000000787300000, 0x0000000787300000, 0x0000000787400000|  0%| F|  |TAMS 0x0000000787300000, 0x0000000787300000| Untracked 
| 116|0x0000000787400000, 0x0000000787400000, 0x0000000787500000|  0%| F|  |TAMS 0x0000000787400000, 0x0000000787400000| Untracked 
| 117|0x0000000787500000, 0x0000000787500000, 0x0000000787600000|  0%| F|  |TAMS 0x0000000787500000, 0x0000000787500000| Untracked 
| 118|0x0000000787600000, 0x0000000787600000, 0x0000000787700000|  0%| F|  |TAMS 0x0000000787600000, 0x0000000787600000| Untracked 
| 119|0x0000000787700000, 0x0000000787700000, 0x0000000787800000|  0%| F|  |TAMS 0x0000000787700000, 0x0000000787700000| Untracked 
| 120|0x0000000787800000, 0x0000000787800000, 0x0000000787900000|  0%| F|  |TAMS 0x0000000787800000, 0x0000000787800000| Untracked 
| 121|0x0000000787900000, 0x0000000787900000, 0x0000000787a00000|  0%| F|  |TAMS 0x0000000787900000, 0x0000000787900000| Untracked 
| 122|0x0000000787a00000, 0x0000000787a00000, 0x0000000787b00000|  0%| F|  |TAMS 0x0000000787a00000, 0x0000000787a00000| Untracked 
| 123|0x0000000787b00000, 0x0000000787b00000, 0x0000000787c00000|  0%| F|  |TAMS 0x0000000787b00000, 0x0000000787b00000| Untracked 
| 124|0x0000000787c00000, 0x0000000787c00000, 0x0000000787d00000|  0%| F|  |TAMS 0x0000000787c00000, 0x0000000787c00000| Untracked 
| 125|0x0000000787d00000, 0x0000000787d00000, 0x0000000787e00000|  0%| F|  |TAMS 0x0000000787d00000, 0x0000000787d00000| Untracked 
| 126|0x0000000787e00000, 0x0000000787e00800, 0x0000000787f00000|  0%| E|  |TAMS 0x0000000787e00000, 0x0000000787e00000| Complete 
| 127|0x0000000787f00000, 0x0000000788000000, 0x0000000788000000|100%| E|CS|TAMS 0x0000000787f00000, 0x0000000787f00000| Complete 

Card table byte_map: [0x000000011926d000,0x000000011966d000] _byte_map_base: 0x000000011566d000

Marking Bits (Prev, Next): (CMBitMap*) 0x00007f9a8d025018, (CMBitMap*) 0x00007f9a8d025050
 Prev Bits: [0x0000000119a6d000, 0x000000011ba6d000)
 Next Bits: [0x000000012ad7d000, 0x000000012cd7d000)

Polling page: 0x000000010f32a000

Metaspace:

Usage:
  Non-class:     15.08 MB capacity,    14.81 MB ( 98%) used,   233.88 KB (  2%) free+waste,    49.44 KB ( <1%) overhead. 
      Class:      1.85 MB capacity,     1.66 MB ( 90%) used,   169.56 KB (  9%) free+waste,    26.00 KB (  1%) overhead. 
       Both:     16.93 MB capacity,    16.46 MB ( 97%) used,   403.45 KB (  2%) free+waste,    75.44 KB ( <1%) overhead. 

Virtual space:
  Non-class space:       16.00 MB reserved,      15.25 MB ( 95%) committed 
      Class space:        1.00 GB reserved,       1.88 MB ( <1%) committed 
             Both:        1.02 GB reserved,      17.12 MB (  2%) committed 

Chunk freelists:
   Non-Class:  6.25 KB
       Class:  0 bytes
        Both:  6.25 KB

CodeHeap 'non-profiled nmethods': size=120032Kb used=1646Kb max_used=1646Kb free=118385Kb
 bounds [0x0000000123845000, 0x0000000123ab5000, 0x000000012ad7d000]
CodeHeap 'profiled nmethods': size=120032Kb used=5218Kb max_used=5218Kb free=114813Kb
 bounds [0x000000011c30d000, 0x000000011c82d000, 0x0000000123845000]
CodeHeap 'non-nmethods': size=5696Kb used=1222Kb max_used=1259Kb free=4473Kb
 bounds [0x000000011bd7d000, 0x000000011bfed000, 0x000000011c30d000]
 total_blobs=3903 nmethods=2531 adapters=511
 compilation: enabled
              stopped_count=0, restarted_count=0
 full_count=0

Compilation events (10 events):
Event: 15600.111 Thread 0x00007f9a8c82a800 2541       4       javax.swing.JComponent::getRootPane (5 bytes)
Event: 15600.115 Thread 0x00007f9a8c82a800 nmethod 2541 0x00000001239da090 code [0x00000001239da220, 0x00000001239da318]
Event: 15600.124 Thread 0x00007f9a8c82a800 2542       4       com.apple.laf.AquaPanelUI::update (19 bytes)
Event: 15600.245 Thread 0x00007f9a8c8a6800 nmethod 2540 0x00000001239da410 code [0x00000001239da6a0, 0x00000001239dc320]
Event: 15600.246 Thread 0x00007f9a8c8a6800 2543       4       sun.java2d.SurfaceData::getTransparency (8 bytes)
Event: 15600.251 Thread 0x00007f9a8c8a6800 nmethod 2543 0x00000001239dd190 code [0x00000001239dd320, 0x00000001239dd3b8]
Event: 15600.251 Thread 0x00007f9a8c8a6800 2544       4       sun.awt.CGraphicsConfig::getDefaultTransform (15 bytes)
Event: 15600.253 Thread 0x00007f9a8c8a6800 nmethod 2544 0x00000001239dd490 code [0x00000001239dd660, 0x00000001239dd7b8]
Event: 15600.272 Thread 0x00007f9a8c83b800 2545       3       java.lang.ref.Reference::clear (6 bytes)
Event: 15600.272 Thread 0x00007f9a8c83b800 nmethod 2545 0x000000011c825590 code [0x000000011c825740, 0x000000011c8258d0]

GC Heap History (8 events):
Event: 15.203 GC heap before
{Heap before GC invocations=0 (full 0):
 garbage-first heap   total 131072K, used 13312K [0x0000000780000000, 0x0000000800000000)
  region size 1024K, 14 young (14336K), 0 survivors (0K)
 Metaspace       used 15566K, capacity 15968K, committed 16256K, reserved 1062912K
  class space    used 1605K, capacity 1800K, committed 1920K, reserved 1048576K
}
Event: 15.211 GC heap after
{Heap after GC invocations=1 (full 0):
 garbage-first heap   total 131072K, used 3748K [0x0000000780000000, 0x0000000800000000)
  region size 1024K, 2 young (2048K), 2 survivors (2048K)
 Metaspace       used 15566K, capacity 15968K, committed 16256K, reserved 1062912K
  class space    used 1605K, capacity 1800K, committed 1920K, reserved 1048576K
}
Event: 24.188 GC heap before
{Heap before GC invocations=1 (full 0):
 garbage-first heap   total 131072K, used 7844K [0x0000000780000000, 0x0000000800000000)
  region size 1024K, 6 young (6144K), 2 survivors (2048K)
 Metaspace       used 16161K, capacity 16631K, committed 17024K, reserved 1064960K
  class space    used 1656K, capacity 1873K, committed 1920K, reserved 1048576K
}
Event: 24.193 GC heap after
{Heap after GC invocations=2 (full 0):
 garbage-first heap   total 131072K, used 4234K [0x0000000780000000, 0x0000000800000000)
  region size 1024K, 1 young (1024K), 1 survivors (1024K)
 Metaspace       used 16161K, capacity 16631K, committed 17024K, reserved 1064960K
  class space    used 1656K, capacity 1873K, committed 1920K, reserved 1048576K
}
Event: 248.779 GC heap before
{Heap before GC invocations=2 (full 0):
 garbage-first heap   total 131072K, used 23690K [0x0000000780000000, 0x0000000800000000)
  region size 1024K, 20 young (20480K), 1 survivors (1024K)
 Metaspace       used 16496K, capacity 17023K, committed 17280K, reserved 1064960K
  class space    used 1663K, capacity 1874K, committed 1920K, reserved 1048576K
}
Event: 248.780 GC heap after
{Heap after GC invocations=3 (full 0):
 garbage-first heap   total 131072K, used 4121K [0x0000000780000000, 0x0000000800000000)
  region size 1024K, 1 young (1024K), 1 survivors (1024K)
 Metaspace       used 16496K, capacity 17023K, committed 17280K, reserved 1064960K
  class space    used 1663K, capacity 1874K, committed 1920K, reserved 1048576K
}
Event: 15600.186 GC heap before
{Heap before GC invocations=3 (full 0):
 garbage-first heap   total 131072K, used 68633K [0x0000000780000000, 0x0000000800000000)
  region size 1024K, 58 young (59392K), 1 survivors (1024K)
 Metaspace       used 16858K, capacity 17338K, committed 17536K, reserved 1064960K
  class space    used 1696K, capacity 1892K, committed 1920K, reserved 1048576K
}
Event: 15600.232 GC heap after
{Heap after GC invocations=4 (full 0):
 garbage-first heap   total 131072K, used 10644K [0x0000000780000000, 0x0000000800000000)
  region size 1024K, 1 young (1024K), 1 survivors (1024K)
 Metaspace       used 16858K, capacity 17338K, committed 17536K, reserved 1064960K
  class space    used 1696K, capacity 1892K, committed 1920K, reserved 1048576K
}

Deoptimization events (10 events):
Event: 1076.575 Thread 0x00007f9a8e0ee800 Uncommon trap: reason=unstable_if action=reinterpret pc=0x00000001238e8810 method=java.awt.geom.AffineTransform.updateState()V @ 95 c2
Event: 1076.575 Thread 0x00007f9a8e0ee800 Uncommon trap: reason=unstable_if action=reinterpret pc=0x00000001239a2e80 method=javax.swing.JComponent.paint(Ljava/awt/Graphics;)V @ 140 c2
Event: 1077.069 Thread 0x00007f9a8e0ee800 Uncommon trap: reason=unstable_if action=reinterpret pc=0x00000001238cbd78 method=java.awt.geom.AffineTransform.updateState()V @ 95 c2
Event: 1086.516 Thread 0x00007f9a8d205000 Uncommon trap: reason=unstable_if action=reinterpret pc=0x000000012397167c method=sun.lwawt.macosx.NSEvent.nsToJavaEventType(I)I @ 3 c2
Event: 1086.832 Thread 0x00007f9a8d205000 Uncommon trap: reason=unstable_if action=reinterpret pc=0x0000000123961d30 method=sun.java2d.pipe.Region.contains(II)Z @ 29 c2
Event: 1086.832 Thread 0x00007f9a8e0ee800 Uncommon trap: reason=unstable_if action=reinterpret pc=0x00000001238e5670 method=java.awt.Container.getMouseEventTargetImpl(IIZLjava/awt/Container$EventTargetFilter;ZZ)Ljava/awt/Component; @ 218 c2
Event: 3530.122 Thread 0x00007f9a8e0ee800 Uncommon trap: reason=class_check action=maybe_recompile pc=0x000000012395275c method=java.awt.Container.validate()V @ 35 c2
Event: 5233.901 Thread 0x00007f9a8e0ee800 Uncommon trap: reason=unstable_if action=reinterpret pc=0x000000012390a13c method=java.util.HashMap$HashIterator.<init>(Ljava/util/HashMap;)V @ 45 c2
Event: 5233.903 Thread 0x00007f9a8e0ee800 Uncommon trap: reason=unstable_if action=reinterpret pc=0x0000000123906788 method=java.util.HashMap$HashIterator.<init>(Ljava/util/HashMap;)V @ 45 c2
Event: 15598.994 Thread 0x00007f9a8e0ee800 Uncommon trap: reason=unstable_if action=reinterpret pc=0x00000001239b0b28 method=java.util.concurrent.locks.AbstractQueuedSynchronizer.acquireQueued(Ljava/util/concurrent/locks/AbstractQueuedSynchronizer$Node;I)Z @ 14 c2

Classes redefined (0 events):
No events

Internal exceptions (10 events):
Event: 612.229 Thread 0x00007f9a8d205000 Implicit null exception at 0x0000000123983c95 to 0x0000000123985d36
Event: 612.394 Thread 0x00007f9a8e0ee800 Implicit null exception at 0x000000012396f11f to 0x000000012396f5be
Event: 612.394 Thread 0x00007f9a8e0ee800 Implicit null exception at 0x00000001239632db to 0x0000000123963cbe
Event: 612.394 Thread 0x00007f9a8e0ee800 Implicit null exception at 0x0000000123964775 to 0x00000001239649c2
Event: 612.404 Thread 0x00007f9a8e0ee800 Implicit null exception at 0x000000012390f3b7 to 0x000000012390f5b6
Event: 614.326 Thread 0x00007f9a8d205000 Implicit null exception at 0x0000000123989581 to 0x000000012398ae5e
Event: 5233.899 Thread 0x00007f9a8e0ee800 Exception <a 'java/lang/IllegalArgumentException'{0x0000000786567e50}> (0x0000000786567e50) thrown at [/scratch/mesos/slaves/83bb4d84-382c-4ead-b585-d8ef0018fefe-S19331/frameworks/1735e8a2-a1db-478c-8104-60c8b0af87dd-0196/executors/452f932d-9761-444d-b125
Event: 5233.899 Thread 0x00007f9a8e0ee800 Exception <a 'java/lang/IllegalArgumentException'{0x0000000786567e50}> (0x0000000786567e50) thrown at [/scratch/mesos/slaves/83bb4d84-382c-4ead-b585-d8ef0018fefe-S19331/frameworks/1735e8a2-a1db-478c-8104-60c8b0af87dd-0196/executors/452f932d-9761-444d-b125
Event: 5233.901 Thread 0x00007f9a8e0ee800 Exception <a 'java/lang/IllegalArgumentException'{0x00000007865f5c88}> (0x00000007865f5c88) thrown at [/scratch/mesos/slaves/83bb4d84-382c-4ead-b585-d8ef0018fefe-S19331/frameworks/1735e8a2-a1db-478c-8104-60c8b0af87dd-0196/executors/452f932d-9761-444d-b125
Event: 5233.901 Thread 0x00007f9a8e0ee800 Exception <a 'java/lang/IllegalArgumentException'{0x00000007865f5c88}> (0x00000007865f5c88) thrown at [/scratch/mesos/slaves/83bb4d84-382c-4ead-b585-d8ef0018fefe-S19331/frameworks/1735e8a2-a1db-478c-8104-60c8b0af87dd-0196/executors/452f932d-9761-444d-b125

Events (10 events):
Event: 5233.903 Thread 0x00007f9a8e0ee800 DEOPT PACKING pc=0x0000000123906788 sp=0x0000700005ec5e40
Event: 5233.903 Thread 0x00007f9a8e0ee800 DEOPT UNPACKING pc=0x000000011bda59a5 sp=0x0000700005ec5df8 mode 2
Event: 11393.632 Thread 0x00007f9a8d317800 DEOPT PACKING pc=0x000000011c7f4250 sp=0x0000700005fca9f0
Event: 11393.634 Thread 0x00007f9a8d317800 DEOPT UNPACKING pc=0x000000011bda57ba sp=0x0000700005fc9f50 mode 0
Event: 15598.898 Thread 0x00007f9a8c8a6800 Thread added: 0x00007f9a8c8a6800
Event: 15598.994 Thread 0x00007f9a8e0ee800 Uncommon trap: trap_request=0xffffff4d fr.pc=0x00000001239b0b28 relative=0x0000000000000d88
Event: 15598.994 Thread 0x00007f9a8e0ee800 DEOPT PACKING pc=0x00000001239b0b28 sp=0x0000700005ec3c20
Event: 15598.994 Thread 0x00007f9a8e0ee800 DEOPT UNPACKING pc=0x000000011bda59a5 sp=0x0000700005ec3a60 mode 2
Event: 15600.183 Executing VM operation: G1CollectForAllocation
Event: 15600.232 Executing VM operation: G1CollectForAllocation done


Dynamic libraries:
0x00007fff2d8f3000 	/System/Library/Frameworks/Cocoa.framework/Versions/A/Cocoa
0x00007fff3b0ea000 	/System/Library/Frameworks/Security.framework/Versions/A/Security
0x00007fff2c858000 	/System/Library/Frameworks/ApplicationServices.framework/Versions/A/ApplicationServices
0x00007fff67da6000 	/usr/lib/libz.1.dylib
0x00007fff6586a000 	/usr/lib/libSystem.B.dylib
0x00007fff2e795000 	/System/Library/Frameworks/CoreFoundation.framework/Versions/A/CoreFoundation
0x00007fff30e52000 	/System/Library/Frameworks/Foundation.framework/Versions/C/Foundation
0x00007fff676ca000 	/usr/lib/libobjc.A.dylib
0x00007fff2ba48000 	/System/Library/Frameworks/AppKit.framework/Versions/C/AppKit
0x00007fff2e277000 	/System/Library/Frameworks/CoreData.framework/Versions/A/CoreData
0x00007fff5f880000 	/System/Library/PrivateFrameworks/UIFoundation.framework/Versions/A/UIFoundation
0x00007fff5a914000 	/System/Library/PrivateFrameworks/RemoteViewServices.framework/Versions/A/RemoteViewServices
0x00007fff623da000 	/System/Library/PrivateFrameworks/XCTTargetBootstrap.framework/Versions/A/XCTTargetBootstrap
0x00007fff2e662000 	/System/Library/Frameworks/CoreDisplay.framework/Versions/A/CoreDisplay
0x00007fff33d0c000 	/System/Library/Frameworks/Metal.framework/Versions/A/Metal
0x00007fff48901000 	/System/Library/PrivateFrameworks/DesktopServicesPriv.framework/Versions/A/DesktopServicesPriv
0x00007fff669a5000 	/usr/lib/liblangid.dylib
0x00007fff47b96000 	/System/Library/PrivateFrameworks/CoreSVG.framework/Versions/A/CoreSVG
0x00007fff5da70000 	/System/Library/PrivateFrameworks/SkyLight.framework/Versions/A/SkyLight
0x00007fff2ec16000 	/System/Library/Frameworks/CoreGraphics.framework/Versions/A/CoreGraphics
0x00007fff2a41c000 	/System/Library/Frameworks/Accelerate.framework/Versions/A/Accelerate
0x00007fff67c97000 	/usr/lib/libxml2.2.dylib
0x00007fff5389f000 	/System/Library/PrivateFrameworks/IconServices.framework/Versions/A/IconServices
0x00007fff31631000 	/System/Library/Frameworks/IOSurface.framework/Versions/A/IOSurface
0x00007fff65394000 	/usr/lib/libDiagnosticMessagesClient.dylib
0x00007fff4875b000 	/System/Library/PrivateFrameworks/DFRFoundation.framework/Versions/A/DFRFoundation
0x00007fff66734000 	/usr/lib/libicucore.A.dylib
0x00007fff2cb8a000 	/System/Library/Frameworks/AudioToolbox.framework/Versions/A/AudioToolbox
0x00007fff2cc6d000 	/System/Library/Frameworks/AudioUnit.framework/Versions/A/AudioUnit
0x00007fff65a6c000 	/usr/lib/libauto.dylib
0x00007fff487fd000 	/System/Library/PrivateFrameworks/DataDetectorsCore.framework/Versions/A/DataDetectorsCore
0x00007fff2d414000 	/System/Library/Frameworks/Carbon.framework/Versions/A/Frameworks/HIToolbox.framework/Versions/A/HIToolbox
0x00007fff3a2e4000 	/System/Library/Frameworks/QuartzCore.framework/Versions/A/QuartzCore
0x00007fff2d753000 	/System/Library/Frameworks/Carbon.framework/Versions/A/Frameworks/SpeechRecognition.framework/Versions/A/SpeechRecognition
0x00007fff4826f000 	/System/Library/PrivateFrameworks/CoreUI.framework/Versions/A/CoreUI
0x00007fff2dce2000 	/System/Library/Frameworks/CoreAudio.framework/Versions/A/CoreAudio
0x00007fff30b11000 	/System/Library/Frameworks/DiskArbitration.framework/Versions/A/DiskArbitration
0x00007fff558ef000 	/System/Library/PrivateFrameworks/MultitouchSupport.framework/Versions/A/MultitouchSupport
0x00007fff665fb000 	/usr/lib/libenergytrace.dylib
0x00007fff3158b000 	/System/Library/Frameworks/IOKit.framework/Versions/A/IOKit
0x00007fff2fb7d000 	/System/Library/Frameworks/CoreServices.framework/Versions/A/CoreServices
0x00007fff57aa7000 	/System/Library/PrivateFrameworks/PerformanceAnalysis.framework/Versions/A/PerformanceAnalysis
0x00007fff39317000 	/System/Library/Frameworks/OpenGL.framework/Versions/A/OpenGL
0x00007fff2d901000 	/System/Library/Frameworks/ColorSync.framework/Versions/A/ColorSync
0x00007fff2f299000 	/System/Library/Frameworks/CoreImage.framework/Versions/A/CoreImage
0x00007fff305f0000 	/System/Library/Frameworks/CoreText.framework/Versions/A/CoreText
0x00007fff316c1000 	/System/Library/Frameworks/ImageIO.framework/Versions/A/ImageIO
0x00007fff65b50000 	/usr/lib/libc++.1.dylib
0x00007fff65bcc000 	/usr/lib/libcompression.dylib
0x00007fff656d8000 	/usr/lib/libMobileGestalt.dylib
0x00007fff5f5ea000 	/System/Library/PrivateFrameworks/TextureIO.framework/Versions/A/TextureIO
0x00007fff659cf000 	/usr/lib/libate.dylib
0x00007fff53aa8000 	/System/Library/PrivateFrameworks/InternationalSupport.framework/Versions/A/InternationalSupport
0x00007fff68667000 	/usr/lib/system/libcache.dylib
0x00007fff6866d000 	/usr/lib/system/libcommonCrypto.dylib
0x00007fff68679000 	/usr/lib/system/libcompiler_rt.dylib
0x00007fff68681000 	/usr/lib/system/libcopyfile.dylib
0x00007fff6868b000 	/usr/lib/system/libcorecrypto.dylib
0x00007fff6882a000 	/usr/lib/system/libdispatch.dylib
0x00007fff6886b000 	/usr/lib/system/libdyld.dylib
0x00007fff688a2000 	/usr/lib/system/libkeymgr.dylib
0x00007fff688b0000 	/usr/lib/system/liblaunch.dylib
0x00007fff688b1000 	/usr/lib/system/libmacho.dylib
0x00007fff688b7000 	/usr/lib/system/libquarantine.dylib
0x00007fff688ba000 	/usr/lib/system/libremovefile.dylib
0x00007fff688bc000 	/usr/lib/system/libsystem_asl.dylib
0x00007fff688d4000 	/usr/lib/system/libsystem_blocks.dylib
0x00007fff688d5000 	/usr/lib/system/libsystem_c.dylib
0x00007fff6895d000 	/usr/lib/system/libsystem_configuration.dylib
0x00007fff68961000 	/usr/lib/system/libsystem_coreservices.dylib
0x00007fff68965000 	/usr/lib/system/libsystem_darwin.dylib
0x00007fff6896e000 	/usr/lib/system/libsystem_dnssd.dylib
0x00007fff68976000 	/usr/lib/system/libsystem_featureflags.dylib
0x00007fff68978000 	/usr/lib/system/libsystem_info.dylib
0x00007fff689f3000 	/usr/lib/system/libsystem_m.dylib
0x00007fff68a3b000 	/usr/lib/system/libsystem_malloc.dylib
0x00007fff68a63000 	/usr/lib/system/libsystem_networkextension.dylib
0x00007fff68a71000 	/usr/lib/system/libsystem_notify.dylib
0x00007fff68a8f000 	/usr/lib/system/libsystem_sandbox.dylib
0x00007fff68a94000 	/usr/lib/system/libsystem_secinit.dylib
0x00007fff689c6000 	/usr/lib/system/libsystem_kernel.dylib
0x00007fff68a7b000 	/usr/lib/system/libsystem_platform.dylib
0x00007fff68a84000 	/usr/lib/system/libsystem_pthread.dylib
0x00007fff68a97000 	/usr/lib/system/libsystem_symptoms.dylib
0x00007fff68a9f000 	/usr/lib/system/libsystem_trace.dylib
0x00007fff68ab7000 	/usr/lib/system/libunwind.dylib
0x00007fff68abd000 	/usr/lib/system/libxpc.dylib
0x00007fff65ba3000 	/usr/lib/libc++abi.dylib
0x00007fff669a7000 	/usr/lib/liblzma.5.dylib
0x00007fff66622000 	/usr/lib/libfakelink.dylib
0x00007fff6595c000 	/usr/lib/libarchive.2.dylib
0x00007fff3c19b000 	/System/Library/Frameworks/SystemConfiguration.framework/Versions/A/SystemConfiguration
0x00007fff652c7000 	/usr/lib/libCRFSuite.dylib
0x00007fff2d004000 	/System/Library/Frameworks/CFNetwork.framework/Versions/A/CFNetwork
0x00007fff65b32000 	/usr/lib/libbsm.0.dylib
0x00007fff688a3000 	/usr/lib/system/libkxld.dylib
0x00007fff420d8000 	/System/Library/PrivateFrameworks/AppleFSCompression.framework/Versions/A/AppleFSCompression
0x00007fff65ebd000 	/usr/lib/libcoretls.dylib
0x00007fff65ed4000 	/usr/lib/libcoretls_cfhelpers.dylib
0x00007fff67710000 	/usr/lib/libpam.2.dylib
0x00007fff67845000 	/usr/lib/libsqlite3.dylib
0x00007fff67c84000 	/usr/lib/libxar.1.dylib
0x00007fff65b43000 	/usr/lib/libbz2.1.0.dylib
0x00007fff66643000 	/usr/lib/libiconv.2.dylib
0x00007fff65bb9000 	/usr/lib/libcharset.1.dylib
0x00007fff671ad000 	/usr/lib/libnetwork.dylib
0x00007fff67717000 	/usr/lib/libpcap.A.dylib
0x00007fff65911000 	/usr/lib/libapple_nghttp2.dylib
0x00007fff2ff34000 	/System/Library/Frameworks/CoreServices.framework/Versions/A/Frameworks/FSEvents.framework/Versions/A/FSEvents
0x00007fff2fc04000 	/System/Library/Frameworks/CoreServices.framework/Versions/A/Frameworks/CarbonCore.framework/Versions/A/CarbonCore
0x00007fff30178000 	/System/Library/Frameworks/CoreServices.framework/Versions/A/Frameworks/Metadata.framework/Versions/A/Metadata
0x00007fff30211000 	/System/Library/Frameworks/CoreServices.framework/Versions/A/Frameworks/OSServices.framework/Versions/A/OSServices
0x00007fff3023f000 	/System/Library/Frameworks/CoreServices.framework/Versions/A/Frameworks/SearchKit.framework/Versions/A/SearchKit
0x00007fff2fb7e000 	/System/Library/Frameworks/CoreServices.framework/Versions/A/Frameworks/AE.framework/Versions/A/AE
0x00007fff2ff3d000 	/System/Library/Frameworks/CoreServices.framework/Versions/A/Frameworks/LaunchServices.framework/Versions/A/LaunchServices
0x00007fff2fee6000 	/System/Library/Frameworks/CoreServices.framework/Versions/A/Frameworks/DictionaryServices.framework/Versions/A/DictionaryServices
0x00007fff302a7000 	/System/Library/Frameworks/CoreServices.framework/Versions/A/Frameworks/SharedFileList.framework/Versions/A/SharedFileList
0x00007fff35136000 	/System/Library/Frameworks/NetFS.framework/Versions/A/NetFS
0x00007fff55e1f000 	/System/Library/PrivateFrameworks/NetAuth.framework/Versions/A/NetAuth
0x00007fff627a7000 	/System/Library/PrivateFrameworks/login.framework/Versions/A/Frameworks/loginsupport.framework/Versions/A/loginsupport
0x00007fff5f0b5000 	/System/Library/PrivateFrameworks/TCC.framework/Versions/A/TCC
0x00007fff46d09000 	/System/Library/PrivateFrameworks/CoreNLP.framework/Versions/A/CoreNLP
0x00007fff5531c000 	/System/Library/PrivateFrameworks/MetadataUtilities.framework/Versions/A/MetadataUtilities
0x00007fff66a7f000 	/usr/lib/libmecabra.dylib
0x00007fff669d7000 	/usr/lib/libmecab.dylib
0x00007fff66633000 	/usr/lib/libgermantok.dylib
0x00007fff658f8000 	/usr/lib/libThaiTokenizer.dylib
0x00007fff652fe000 	/usr/lib/libChineseTokenizer.dylib
0x00007fff2a434000 	/System/Library/Frameworks/Accelerate.framework/Versions/A/Frameworks/vImage.framework/Versions/A/vImage
0x00007fff2b89e000 	/System/Library/Frameworks/Accelerate.framework/Versions/A/Frameworks/vecLib.framework/Versions/A/vecLib
0x00007fff2b7db000 	/System/Library/Frameworks/Accelerate.framework/Versions/A/Frameworks/vecLib.framework/Versions/A/libvMisc.dylib
0x00007fff2b603000 	/System/Library/Frameworks/Accelerate.framework/Versions/A/Frameworks/vecLib.framework/Versions/A/libvDSP.dylib
0x00007fff2aa8b000 	/System/Library/Frameworks/Accelerate.framework/Versions/A/Frameworks/vecLib.framework/Versions/A/libBLAS.dylib
0x00007fff2b1c7000 	/System/Library/Frameworks/Accelerate.framework/Versions/A/Frameworks/vecLib.framework/Versions/A/libLAPACK.dylib
0x00007fff2b563000 	/System/Library/Frameworks/Accelerate.framework/Versions/A/Frameworks/vecLib.framework/Versions/A/libLinearAlgebra.dylib
0x00007fff2b5f0000 	/System/Library/Frameworks/Accelerate.framework/Versions/A/Frameworks/vecLib.framework/Versions/A/libSparseBLAS.dylib
0x00007fff2b579000 	/System/Library/Frameworks/Accelerate.framework/Versions/A/Frameworks/vecLib.framework/Versions/A/libQuadrature.dylib
0x00007fff2acf3000 	/System/Library/Frameworks/Accelerate.framework/Versions/A/Frameworks/vecLib.framework/Versions/A/libBNNS.dylib
0x00007fff2b57f000 	/System/Library/Frameworks/Accelerate.framework/Versions/A/Frameworks/vecLib.framework/Versions/A/libSparse.dylib
0x00007fff53e90000 	/System/Library/PrivateFrameworks/LanguageModeling.framework/Versions/A/LanguageModeling
0x00007fff466b9000 	/System/Library/PrivateFrameworks/CoreEmoji.framework/Versions/A/CoreEmoji
0x00007fff53fae000 	/System/Library/PrivateFrameworks/LinguisticData.framework/Versions/A/LinguisticData
0x00007fff53f5f000 	/System/Library/PrivateFrameworks/Lexicon.framework/Versions/A/Lexicon
0x00007fff65bba000 	/usr/lib/libcmph.dylib
0x00007fff37d25000 	/System/Library/Frameworks/OpenDirectory.framework/Versions/A/Frameworks/CFOpenDirectory.framework/Versions/A/CFOpenDirectory
0x00007fff37d42000 	/System/Library/Frameworks/OpenDirectory.framework/Versions/A/OpenDirectory
0x00007fff40185000 	/System/Library/PrivateFrameworks/APFS.framework/Versions/A/APFS
0x00007fff3b434000 	/System/Library/Frameworks/SecurityFoundation.framework/Versions/A/SecurityFoundation
0x00007fff67c80000 	/usr/lib/libutil.dylib
0x00007fff47bee000 	/System/Library/PrivateFrameworks/CoreServicesStore.framework/Versions/A/CoreServicesStore
0x00007fff3b4eb000 	/System/Library/Frameworks/ServiceManagement.framework/Versions/A/ServiceManagement
0x00007fff438a8000 	/System/Library/PrivateFrameworks/BackgroundTaskManagement.framework/Versions/A/BackgroundTaskManagement
0x00007fff67d7d000 	/usr/lib/libxslt.1.dylib
0x00007fff4274b000 	/System/Library/PrivateFrameworks/AppleSystemInfo.framework/Versions/A/AppleSystemInfo
0x00007fff318dc000 	/System/Library/Frameworks/ImageIO.framework/Versions/A/Resources/libJPEG.dylib
0x00007fff31b9a000 	/System/Library/Frameworks/ImageIO.framework/Versions/A/Resources/libTIFF.dylib
0x00007fff31b7d000 	/System/Library/Frameworks/ImageIO.framework/Versions/A/Resources/libPng.dylib
0x00007fff3181e000 	/System/Library/Frameworks/ImageIO.framework/Versions/A/Resources/libGIF.dylib
0x00007fff31822000 	/System/Library/Frameworks/ImageIO.framework/Versions/A/Resources/libJP2.dylib
0x00007fff31b98000 	/System/Library/Frameworks/ImageIO.framework/Versions/A/Resources/libRadiance.dylib
0x00007fff665fc000 	/usr/lib/libexpat.1.dylib
0x00007fff42233000 	/System/Library/PrivateFrameworks/AppleJPEG.framework/Versions/A/AppleJPEG
0x00007fff4af04000 	/System/Library/PrivateFrameworks/FontServices.framework/libFontParser.dylib
0x00007fff617a9000 	/System/Library/PrivateFrameworks/WatchdogClient.framework/Versions/A/WatchdogClient
0x00007fff534eb000 	/System/Library/PrivateFrameworks/IOAccelerator.framework/Versions/A/IOAccelerator
0x00007fff340a7000 	/System/Library/Frameworks/MetalPerformanceShaders.framework/Versions/A/MetalPerformanceShaders
0x00007fff4fc81000 	/System/Library/PrivateFrameworks/GPUWrangler.framework/Versions/A/GPUWrangler
0x00007fff53500000 	/System/Library/PrivateFrameworks/IOPresentment.framework/Versions/A/IOPresentment
0x00007fff4876e000 	/System/Library/PrivateFrameworks/DSExternalDisplay.framework/Versions/A/DSExternalDisplay
0x00007fff386b6000 	/System/Library/Frameworks/OpenGL.framework/Versions/A/Libraries/libCoreFSCache.dylib
0x00007fff33df3000 	/System/Library/Frameworks/MetalPerformanceShaders.framework/Frameworks/MPSCore.framework/Versions/A/MPSCore
0x00007fff33e31000 	/System/Library/Frameworks/MetalPerformanceShaders.framework/Frameworks/MPSImage.framework/Versions/A/MPSImage
0x00007fff33ef8000 	/System/Library/Frameworks/MetalPerformanceShaders.framework/Frameworks/MPSNeuralNetwork.framework/Versions/A/MPSNeuralNetwork
0x00007fff33ebc000 	/System/Library/Frameworks/MetalPerformanceShaders.framework/Frameworks/MPSMatrix.framework/Versions/A/MPSMatrix
0x00007fff34057000 	/System/Library/Frameworks/MetalPerformanceShaders.framework/Frameworks/MPSRayIntersector.framework/Versions/A/MPSRayIntersector
0x00007fff33ee2000 	/System/Library/Frameworks/MetalPerformanceShaders.framework/Frameworks/MPSNDArray.framework/Versions/A/MPSNDArray
0x00007fff55369000 	/System/Library/PrivateFrameworks/MetalTools.framework/Versions/A/MetalTools
0x00007fff4135f000 	/System/Library/PrivateFrameworks/AggregateDictionary.framework/Versions/A/AggregateDictionary
0x00007fff46101000 	/System/Library/PrivateFrameworks/CoreAnalytics.framework/Versions/A/CoreAnalytics
0x00007fff4266a000 	/System/Library/PrivateFrameworks/AppleSauce.framework/Versions/A/AppleSauce
0x00007fff655ba000 	/usr/lib/libIOReport.dylib
0x00007fff307a8000 	/System/Library/Frameworks/CoreVideo.framework/Versions/A/CoreVideo
0x00007fff510fa000 	/System/Library/PrivateFrameworks/GraphVisualizer.framework/Versions/A/GraphVisualizer
0x00007fff4a44a000 	/System/Library/PrivateFrameworks/FaceCore.framework/Versions/A/FaceCore
0x00007fff37ccc000 	/System/Library/Frameworks/OpenCL.framework/Versions/A/OpenCL
0x00007fff653dc000 	/usr/lib/libFosl_dynamic.dylib
0x00007fff5683f000 	/System/Library/PrivateFrameworks/OTSVG.framework/Versions/A/OTSVG
0x00007fff2c95d000 	/System/Library/Frameworks/ApplicationServices.framework/Versions/A/Frameworks/ATS.framework/Versions/A/Resources/libFontRegistry.dylib
0x00007fff4b0d5000 	/System/Library/PrivateFrameworks/FontServices.framework/libhvf.dylib
0x00007fff386c1000 	/System/Library/Frameworks/OpenGL.framework/Versions/A/Libraries/libGFXShared.dylib
0x00007fff3889f000 	/System/Library/Frameworks/OpenGL.framework/Versions/A/Libraries/libGLU.dylib
0x00007fff386ca000 	/System/Library/Frameworks/OpenGL.framework/Versions/A/Libraries/libGL.dylib
0x00007fff386d5000 	/System/Library/Frameworks/OpenGL.framework/Versions/A/Libraries/libGLImage.dylib
0x00007fff386b3000 	/System/Library/Frameworks/OpenGL.framework/Versions/A/Libraries/libCVMSPluginSupport.dylib
0x00007fff386bc000 	/System/Library/Frameworks/OpenGL.framework/Versions/A/Libraries/libCoreVMClient.dylib
0x00007fff6704e000 	/usr/lib/libncurses.5.4.dylib
0x00007fff2c859000 	/System/Library/Frameworks/ApplicationServices.framework/Versions/A/Frameworks/ATS.framework/Versions/A/ATS
0x00007fff2ca26000 	/System/Library/Frameworks/ApplicationServices.framework/Versions/A/Frameworks/ColorSyncLegacy.framework/Versions/A/ColorSyncLegacy
0x00007fff2cac4000 	/System/Library/Frameworks/ApplicationServices.framework/Versions/A/Frameworks/HIServices.framework/Versions/A/HIServices
0x00007fff2cb1c000 	/System/Library/Frameworks/ApplicationServices.framework/Versions/A/Frameworks/LangAnalysis.framework/Versions/A/LangAnalysis
0x00007fff2cb2b000 	/System/Library/Frameworks/ApplicationServices.framework/Versions/A/Frameworks/PrintCore.framework/Versions/A/PrintCore
0x00007fff2cb71000 	/System/Library/Frameworks/ApplicationServices.framework/Versions/A/Frameworks/QD.framework/Versions/A/QD
0x00007fff2cb7c000 	/System/Library/Frameworks/ApplicationServices.framework/Versions/A/Frameworks/SpeechSynthesis.framework/Versions/A/SpeechSynthesis
0x00007fff2c9f6000 	/System/Library/Frameworks/ApplicationServices.framework/Versions/A/Frameworks/ATSUI.framework/Versions/A/ATSUI
0x00007fff66492000 	/usr/lib/libcups.2.dylib
0x00007fff33142000 	/System/Library/Frameworks/Kerberos.framework/Versions/A/Kerberos
0x00007fff31284000 	/System/Library/Frameworks/GSS.framework/Versions/A/GSS
0x00007fff677d1000 	/usr/lib/libresolv.9.dylib
0x00007fff512a7000 	/System/Library/PrivateFrameworks/Heimdal.framework/Versions/A/Heimdal
0x00007fff33155000 	/System/Library/Frameworks/Kerberos.framework/Versions/A/Libraries/libHeimdalProxy.dylib
0x00007fff66639000 	/usr/lib/libheimdal-asn1.dylib
0x00007fff45599000 	/System/Library/PrivateFrameworks/CommonAuth.framework/Versions/A/CommonAuth
0x00007fff427e8000 	/System/Library/PrivateFrameworks/AssertionServices.framework/Versions/A/AssertionServices
0x00007fff4338b000 	/System/Library/PrivateFrameworks/AudioToolboxCore.framework/Versions/A/AudioToolboxCore
0x00007fff62457000 	/System/Library/PrivateFrameworks/caulk.framework/Versions/A/caulk
0x00007fff43954000 	/System/Library/PrivateFrameworks/BaseBoard.framework/Versions/A/BaseBoard
0x00007fff5aaa2000 	/System/Library/PrivateFrameworks/RunningBoardServices.framework/Versions/A/RunningBoardServices
0x00007fff57ab3000 	/System/Library/PrivateFrameworks/PersistentConnection.framework/Versions/A/PersistentConnection
0x00007fff5a49b000 	/System/Library/PrivateFrameworks/ProtocolBuffer.framework/Versions/A/ProtocolBuffer
0x00007fff455bd000 	/System/Library/PrivateFrameworks/CommonUtilities.framework/Versions/A/CommonUtilities
0x00007fff43ae2000 	/System/Library/PrivateFrameworks/Bom.framework/Versions/A/Bom
0x00007fff6528d000 	/usr/lib/libAudioToolboxUtility.dylib
0x00007fff438b2000 	/System/Library/PrivateFrameworks/Backup.framework/Versions/A/Backup
0x00007fff4868f000 	/System/Library/PrivateFrameworks/CrashReporterSupport.framework/Versions/A/CrashReporterSupport
0x00007fff5c534000 	/System/Library/PrivateFrameworks/Sharing.framework/Versions/A/Sharing
0x00007fff41df6000 	/System/Library/PrivateFrameworks/Apple80211.framework/Versions/A/Apple80211
0x00007fff435cf000 	/System/Library/PrivateFrameworks/AuthKit.framework/Versions/A/AuthKit
0x00007fff4839c000 	/System/Library/PrivateFrameworks/CoreUtils.framework/Versions/A/CoreUtils
0x00007fff307ed000 	/System/Library/Frameworks/CoreWLAN.framework/Versions/A/CoreWLAN
0x00007fff31411000 	/System/Library/Frameworks/IOBluetooth.framework/Versions/A/IOBluetooth
0x00007fff5566e000 	/System/Library/PrivateFrameworks/MobileKeyBag.framework/Versions/A/MobileKeyBag
0x00007fff471a1000 	/System/Library/PrivateFrameworks/CorePhoneNumbers.framework/Versions/A/CorePhoneNumbers
0x00007fff421e6000 	/System/Library/PrivateFrameworks/AppleIDAuthSupport.framework/Versions/A/AppleIDAuthSupport
0x00007fff35143000 	/System/Library/Frameworks/Network.framework/Versions/A/Network
0x00007fff53d3c000 	/System/Library/PrivateFrameworks/KeychainCircle.framework/Versions/A/KeychainCircle
0x00007fff2e23e000 	/System/Library/Frameworks/CoreBluetooth.framework/Versions/A/CoreBluetooth
0x00007fff5e5b3000 	/System/Library/PrivateFrameworks/SpeechRecognitionCore.framework/Versions/A/SpeechRecognitionCore
0x000000010fc00000 	/Library/Java/JavaVirtualMachines/jdk-11.0.1.jdk/Contents/Home/lib/server/libjvm.dylib
0x000000010f2f0000 	/Library/Java/JavaVirtualMachines/jdk-11.0.1.jdk/Contents/Home/lib/libverify.dylib
0x000000010f2fc000 	/Library/Java/JavaVirtualMachines/jdk-11.0.1.jdk/Contents/Home/lib/libjava.dylib
0x000000010f32c000 	/Library/Java/JavaVirtualMachines/jdk-11.0.1.jdk/Contents/Home/lib/libinstrument.dylib
0x000000010f393000 	/Library/Java/JavaVirtualMachines/jdk-11.0.1.jdk/Contents/Home/lib/libzip.dylib
0x000000010f39b000 	/Library/Java/JavaVirtualMachines/jdk-11.0.1.jdk/Contents/Home/lib/libjimage.dylib
0x000000011ba71000 	/Library/Java/JavaVirtualMachines/jdk-11.0.1.jdk/Contents/Home/lib/libnio.dylib
0x000000011ba7f000 	/Library/Java/JavaVirtualMachines/jdk-11.0.1.jdk/Contents/Home/lib/libnet.dylib
0x000000011ba93000 	/Library/Java/JavaVirtualMachines/jdk-11.0.1.jdk/Contents/Home/lib/libextnet.dylib
0x000000011ba96000 	/Library/Java/JavaVirtualMachines/jdk-11.0.1.jdk/Contents/Home/lib/libawt.dylib
0x000000011bb30000 	/Library/Java/JavaVirtualMachines/jdk-11.0.1.jdk/Contents/Home/lib/libmlib_image.dylib
0x00007fff3312c000 	/System/Library/Frameworks/JavaVM.framework/Versions/A/Frameworks/JavaNativeFoundation.framework/Versions/A/JavaNativeFoundation
0x00007fff33135000 	/System/Library/Frameworks/JavaVM.framework/Versions/A/Frameworks/JavaRuntimeSupport.framework/Versions/A/JavaRuntimeSupport
0x00007fff3313d000 	/System/Library/Frameworks/JavaVM.framework/Versions/A/JavaVM
0x00007fff53b53000 	/System/Library/PrivateFrameworks/JavaLaunching.framework/Versions/A/JavaLaunching
0x00007fff2d40f000 	/System/Library/Frameworks/Carbon.framework/Versions/A/Carbon
0x00007fff48141000 	/System/Library/PrivateFrameworks/CoreSymbolication.framework/Versions/A/CoreSymbolication
0x00007fff2d410000 	/System/Library/Frameworks/Carbon.framework/Versions/A/Frameworks/CommonPanels.framework/Versions/A/CommonPanels
0x00007fff2d709000 	/System/Library/Frameworks/Carbon.framework/Versions/A/Frameworks/Help.framework/Versions/A/Help
0x00007fff2d70d000 	/System/Library/Frameworks/Carbon.framework/Versions/A/Frameworks/ImageCapture.framework/Versions/A/ImageCapture
0x00007fff2d714000 	/System/Library/Frameworks/Carbon.framework/Versions/A/Frameworks/OpenScripting.framework/Versions/A/OpenScripting
0x00007fff2d713000 	/System/Library/Frameworks/Carbon.framework/Versions/A/Frameworks/Ink.framework/Versions/A/Ink
0x00007fff2d74f000 	/System/Library/Frameworks/Carbon.framework/Versions/A/Frameworks/Print.framework/Versions/A/Print
0x00007fff2d750000 	/System/Library/Frameworks/Carbon.framework/Versions/A/Frameworks/SecurityHI.framework/Versions/A/SecurityHI
0x00007fff488c3000 	/System/Library/PrivateFrameworks/DebugSymbols.framework/Versions/A/DebugSymbols
0x000000011bb96000 	/Library/Java/JavaVirtualMachines/jdk-11.0.1.jdk/Contents/Home/lib/libawt_lwawt.dylib
0x000000011bc43000 	/Library/Java/JavaVirtualMachines/jdk-11.0.1.jdk/Contents/Home/lib/libosxapp.dylib
0x00007fff30ced000 	/System/Library/Frameworks/ExceptionHandling.framework/Versions/A/ExceptionHandling
0x00000001310c9000 	/Library/Java/JavaVirtualMachines/jdk-11.0.1.jdk/Contents/Home/lib/libfontmanager.dylib
0x0000000131159000 	/Library/Java/JavaVirtualMachines/jdk-11.0.1.jdk/Contents/Home/lib/libfreetype.dylib
0x00007fff47bba000 	/System/Library/PrivateFrameworks/CoreServicesInternal.framework/Versions/A/CoreServicesInternal
0x00007fff30d0c000 	/System/Library/Frameworks/FileProvider.framework/Versions/A/FileProvider
0x00007fff2b89f000 	/System/Library/Frameworks/Accounts.framework/Versions/A/Accounts
0x00007fff4ffa6000 	/System/Library/PrivateFrameworks/GenerationalStorage.framework/Versions/A/GenerationalStorage
0x00007fff5edf5000 	/System/Library/PrivateFrameworks/SymptomDiagnosticReporter.framework/Versions/A/SymptomDiagnosticReporter
0x00007fff418fa000 	/System/Library/PrivateFrameworks/AppContainer.framework/Versions/A/AppContainer
0x00007fff677eb000 	/usr/lib/libsandbox.1.dylib
0x00007fff6074d000 	/System/Library/PrivateFrameworks/UserManagement.framework/Versions/A/UserManagement
0x00007fff4469e000 	/System/Library/PrivateFrameworks/ChunkingLibrary.framework/Versions/A/ChunkingLibrary
0x00007fff4196c000 	/System/Library/PrivateFrameworks/AppSandbox.framework/Versions/A/AppSandbox
0x00007fff5c3be000 	/System/Library/PrivateFrameworks/SecCodeWrapper.framework/Versions/A/SecCodeWrapper
0x00007fff656a2000 	/usr/lib/libMatch.1.dylib
0x00007fff21887000 	/System/Library/CoreServices/RawCamera.bundle/Contents/MacOS/RawCamera
0x00007fff55498000 	/System/Library/PrivateFrameworks/MobileAsset.framework/Versions/A/MobileAsset
0x00007fff5ec9d000 	/System/Library/PrivateFrameworks/StreamingZip.framework/Versions/A/StreamingZip
0x00007fff335bd000 	/System/Library/Frameworks/MediaToolbox.framework/Versions/A/MediaToolbox
0x00007fff460b1000 	/System/Library/PrivateFrameworks/CoreAVCHD.framework/Versions/A/CoreAVCHD
0x00007fff334e7000 	/System/Library/Frameworks/MediaAccessibility.framework/Versions/A/MediaAccessibility
0x00007fff5484c000 	/System/Library/PrivateFrameworks/Mangrove.framework/Versions/A/Mangrove
0x00007fff2f9b5000 	/System/Library/Frameworks/CoreMedia.framework/Versions/A/CoreMedia
0x00007fff54ab8000 	/System/Library/PrivateFrameworks/MediaExperience.framework/Versions/A/MediaExperience
0x00007fff3c495000 	/System/Library/Frameworks/VideoToolbox.framework/Versions/A/VideoToolbox
0x00007fff45cdb000 	/System/Library/PrivateFrameworks/CoreAUC.framework/Versions/A/CoreAUC
0x00007fff67843000 	/usr/lib/libspindump.dylib
0x00007fff42d3a000 	/System/Library/PrivateFrameworks/AudioResourceArbitration.framework/Versions/A/AudioResourceArbitration
0x00007fff4274f000 	/System/Library/PrivateFrameworks/AppleVA.framework/Versions/A/AppleVA
0x00007fff2a41d000 	/System/Library/Frameworks/Accelerate.framework/Versions/A/Frameworks/vImage.framework/Versions/A/Libraries/libCGInterfaces.dylib
0x0000000132aaa000 	/usr/lib/libobjc-trampolines.dylib
0x00007fff4b03c000 	/System/Library/PrivateFrameworks/FontServices.framework/libTrueTypeScaler.dylib
0x00007fff23f95000 	/System/Library/Extensions/AppleIntelBDWGraphicsMTLDriver.bundle/Contents/MacOS/AppleIntelBDWGraphicsMTLDriver
0x00007fff4e5c6000 	/System/Library/PrivateFrameworks/GPUCompiler.framework/Versions/3902/Libraries/libmetal_timestamp.dylib
0x00007fff61519000 	/System/Library/PrivateFrameworks/ViewBridge.framework/Versions/A/ViewBridge
0x00007fff39327000 	/System/Library/Frameworks/OpenGL.framework/Versions/A/Resources/GLEngine.bundle/GLEngine
0x00007fff3870a000 	/System/Library/Frameworks/OpenGL.framework/Versions/A/Libraries/libGLProgrammability.dylib
0x00007fff23a94000 	/System/Library/Extensions/AppleIntelBDWGraphicsGLDriver.bundle/Contents/MacOS/AppleIntelBDWGraphicsGLDriver
0x00007fff4fc75000 	/System/Library/PrivateFrameworks/GPUSupport.framework/Versions/A/Libraries/libGPUSupportMercury.dylib
0x00007fff394a1000 	/System/Library/Frameworks/OpenGL.framework/Versions/A/Resources/GLRendererFloat.bundle/GLRendererFloat
0x00007fff37cc3000 	/System/Library/Frameworks/OpenCL.framework/Versions/A/Libraries/libcldcpuengine.dylib
0x00007fff627aa000 	/System/Library/PrivateFrameworks/login.framework/Versions/A/login
0x0000000134859000 	/Library/Java/JavaVirtualMachines/jdk-11.0.1.jdk/Contents/Home/lib/libosxui.dylib


VM Arguments:
jvm_args: -javaagent:/Applications/IntelliJ IDEA CE.app/Contents/lib/idea_rt.jar=57041:/Applications/IntelliJ IDEA CE.app/Contents/bin -Dfile.encoding=UTF-8 
java_command: Main
java_class_path (initial): /Users/Chilou/Documents/M1MIAGE/Java/projet/morpion/target/classes:/Users/Chilou/.m2/repository/org/slf4j/slf4j-api/1.7.30/slf4j-api-1.7.30.jar:/Users/Chilou/.m2/repository/com/google/guava/guava/29.0-jre/guava-29.0-jre.jar:/Users/Chilou/.m2/repository/com/google/guava/failureaccess/1.0.1/failureaccess-1.0.1.jar:/Users/Chilou/.m2/repository/com/google/guava/listenablefuture/9999.0-empty-to-avoid-conflict-with-guava/listenablefuture-9999.0-empty-to-avoid-conflict-with-guava.jar:/Users/Chilou/.m2/repository/com/google/code/findbugs/jsr305/3.0.2/jsr305-3.0.2.jar:/Users/Chilou/.m2/repository/org/checkerframework/checker-qual/2.11.1/checker-qual-2.11.1.jar:/Users/Chilou/.m2/repository/com/google/errorprone/error_prone_annotations/2.3.4/error_prone_annotations-2.3.4.jar:/Users/Chilou/.m2/repository/com/google/j2objc/j2objc-annotations/1.3/j2objc-annotations-1.3.jar:/Users/Chilou/.m2/repository/ch/qos/logback/logback-classic/1.2.3/logback-classic-1.2.3.jar:/Users/Chilou/.m2/repository/ch/qos/logback/logback-core/1.2.3/logback-core-1.2.3.jar
Launcher Type: SUN_STANDARD

[Global flags]
     intx CICompilerCount                          = 3                                         {product} {ergonomic}
     uint ConcGCThreads                            = 1                                         {product} {ergonomic}
     uint G1ConcRefinementThreads                  = 4                                         {product} {ergonomic}
   size_t G1HeapRegionSize                         = 1048576                                   {product} {ergonomic}
    uintx GCDrainStackTargetSize                   = 64                                        {product} {ergonomic}
   size_t InitialHeapSize                          = 134217728                                 {product} {ergonomic}
   size_t MarkStackSize                            = 4194304                                   {product} {ergonomic}
   size_t MaxHeapSize                              = 2147483648                                {product} {ergonomic}
   size_t MaxNewSize                               = 1287651328                                {product} {ergonomic}
   size_t MinHeapDeltaBytes                        = 1048576                                   {product} {ergonomic}
    uintx NonNMethodCodeHeapSize                   = 5830092                                {pd product} {ergonomic}
    uintx NonProfiledCodeHeapSize                  = 122914074                              {pd product} {ergonomic}
    uintx ProfiledCodeHeapSize                     = 122914074                              {pd product} {ergonomic}
    uintx ReservedCodeCacheSize                    = 251658240                              {pd product} {ergonomic}
     bool SegmentedCodeCache                       = true                                      {product} {ergonomic}
     bool UseCompressedClassPointers               = true                                 {lp64_product} {ergonomic}
     bool UseCompressedOops                        = true                                 {lp64_product} {ergonomic}
     bool UseG1GC                                  = true                                      {product} {ergonomic}

Logging:
Log output configuration:
 #0: stdout all=warning uptime,level,tags
 #1: stderr all=off uptime,level,tags

Environment Variables:
PATH=/Users/Chilou/.nvm/versions/node/v10.5.0/bin:/usr/local/bin:/usr/bin:/bin:/usr/sbin:/sbin:/usr/local/share/dotnet:~/.dotnet/tools:/Library/Frameworks/Mono.framework/Versions/Current/Commands:/Applications/Xamarin Workbooks.app/Contents/SharedSupport/path-bin
SHELL=/bin/zsh

Signal Handlers:
SIGSEGV: [libjvm.dylib+0x7525b4], sa_mask[0]=11111111011111110111111111111111, sa_flags=SA_ONSTACK|SA_RESTART|SA_SIGINFO
SIGBUS: [libjvm.dylib+0x7525b4], sa_mask[0]=11111111011111110111111111111111, sa_flags=SA_RESTART|SA_SIGINFO
SIGFPE: [libjvm.dylib+0x7525b4], sa_mask[0]=11111111011111110111111111111111, sa_flags=SA_RESTART|SA_SIGINFO
SIGPIPE: [libjvm.dylib+0x602b72], sa_mask[0]=11111111011111110111111111111111, sa_flags=SA_RESTART|SA_SIGINFO
SIGXFSZ: [libjvm.dylib+0x602b72], sa_mask[0]=11111111011111110111111111111111, sa_flags=SA_RESTART|SA_SIGINFO
SIGILL: [libjvm.dylib+0x7525b4], sa_mask[0]=11111111011111110111111111111111, sa_flags=SA_RESTART|SA_SIGINFO
SIGUSR2: [libjvm.dylib+0x603157], sa_mask[0]=00100000000000000000000000000000, sa_flags=SA_RESTART|SA_SIGINFO
SIGHUP: [libjvm.dylib+0x601bb3], sa_mask[0]=11111111011111110111111111111111, sa_flags=SA_RESTART|SA_SIGINFO
SIGINT: [libjvm.dylib+0x601bb3], sa_mask[0]=11111111011111110111111111111111, sa_flags=SA_RESTART|SA_SIGINFO
SIGTERM: [libjvm.dylib+0x601bb3], sa_mask[0]=11111111011111110111111111111111, sa_flags=SA_RESTART|SA_SIGINFO
SIGQUIT: [libjvm.dylib+0x601bb3], sa_mask[0]=11111111011111110111111111111111, sa_flags=SA_RESTART|SA_SIGINFO


---------------  S Y S T E M  ---------------

OS:uname:Darwin 19.6.0 Darwin Kernel Version 19.6.0: Thu Jun 18 20:49:00 PDT 2020; root:xnu-6153.141.1~1/RELEASE_X86_64 x86_64
rlimit: STACK 8192k, CORE 0k, NPROC 1392, NOFILE 10240, AS infinity, DATA infinity, FSIZE infinity
load average:2.99 2.72 3.20

CPU:total 4 (initial active 4) (2 cores per cpu, 2 threads per core) family 6 model 61 stepping 4, cmov, cx8, fxsr, mmx, sse, sse2, sse3, ssse3, sse4.1, sse4.2, popcnt, avx, avx2, aes, clmul, erms, 3dnowpref, lzcnt, ht, tsc, tscinvbit, bmi1, bmi2, adx, fma

Memory: 4k page, physical 8388608k(446084k free)

vm_info: Java HotSpot(TM) 64-Bit Server VM (11.0.1+13-LTS) for bsd-amd64 JRE (11.0.1+13-LTS), built on Oct  6 2018 12:16:08 by "mach5one" with gcc 4.2.1 Compatible Apple LLVM 9.1.0 (clang-902.0.39.2)

END.
